2019-06-11T02:48:37.844+0000 I CONTROL  [main] Automatically disabling TLS 1.0, to force-enable TLS 1.0 specify --sslDisabledProtocols 'none'
2019-06-11T02:48:37.899+0000 I CONTROL  [initandlisten] MongoDB starting : pid=2192 port=27017 dbpath=/data/db 64-bit host=instance-1
2019-06-11T02:48:37.899+0000 I CONTROL  [initandlisten] db version v4.0.6
2019-06-11T02:48:37.899+0000 I CONTROL  [initandlisten] git version: caa42a1f75a56c7643d0b68d3880444375ec42e3
2019-06-11T02:48:37.899+0000 I CONTROL  [initandlisten] OpenSSL version: OpenSSL 1.1.0j  20 Nov 2018
2019-06-11T02:48:37.899+0000 I CONTROL  [initandlisten] allocator: tcmalloc
2019-06-11T02:48:37.899+0000 I CONTROL  [initandlisten] modules: none
2019-06-11T02:48:37.899+0000 I CONTROL  [initandlisten] build environment:
2019-06-11T02:48:37.899+0000 I CONTROL  [initandlisten]     distmod: debian92
2019-06-11T02:48:37.899+0000 I CONTROL  [initandlisten]     distarch: x86_64
2019-06-11T02:48:37.899+0000 I CONTROL  [initandlisten]     target_arch: x86_64
2019-06-11T02:48:37.899+0000 I CONTROL  [initandlisten] options: {}
2019-06-11T02:48:37.973+0000 I STORAGE  [initandlisten] Detected data files in /data/db created by the 'wiredTiger' storage engine, so setting the active storage engine to 'wiredTiger'.
2019-06-11T02:48:37.973+0000 I STORAGE  [initandlisten] 
2019-06-11T02:48:37.973+0000 I STORAGE  [initandlisten] ** WARNING: Using the XFS filesystem is strongly recommended with the WiredTiger storage engine
2019-06-11T02:48:37.973+0000 I STORAGE  [initandlisten] **          See http://dochub.mongodb.org/core/prodnotes-filesystem
2019-06-11T02:48:37.973+0000 I STORAGE  [initandlisten] wiredtiger_open config: create,cache_size=256M,session_max=20000,eviction=(threads_min=4,threads_max=4),config_base=false,statistics=(fast),log=(enabled=true,archive=true,path=journal,compressor=snappy),file_manager=(close_idle_time=100000),statistics_log=(wait=0),verbose=(recovery_progress),
2019-06-11T02:48:38.994+0000 I STORAGE  [initandlisten] WiredTiger message [1560221318:994138][2192:0x7f5bb9303080], txn-recover: Main recovery loop: starting at 9/4992 to 10/256
2019-06-11T02:48:39.477+0000 I STORAGE  [initandlisten] WiredTiger message [1560221319:474191][2192:0x7f5bb9303080], txn-recover: Recovering log 9 through 10
2019-06-11T02:48:39.712+0000 I STORAGE  [initandlisten] WiredTiger message [1560221319:712462][2192:0x7f5bb9303080], txn-recover: Recovering log 10 through 10
2019-06-11T02:48:39.805+0000 I STORAGE  [initandlisten] WiredTiger message [1560221319:803698][2192:0x7f5bb9303080], txn-recover: Set global recovery timestamp: 0
2019-06-11T02:48:40.080+0000 I RECOVERY [initandlisten] WiredTiger recoveryTimestamp. Ts: Timestamp(0, 0)
2019-06-11T02:48:40.355+0000 I CONTROL  [initandlisten] 
2019-06-11T02:48:40.355+0000 I CONTROL  [initandlisten] ** WARNING: Access control is not enabled for the database.
2019-06-11T02:48:40.355+0000 I CONTROL  [initandlisten] **          Read and write access to data and configuration is unrestricted.
2019-06-11T02:48:40.355+0000 I CONTROL  [initandlisten] 
2019-06-11T02:48:40.355+0000 I CONTROL  [initandlisten] ** WARNING: This server is bound to localhost.
2019-06-11T02:48:40.355+0000 I CONTROL  [initandlisten] **          Remote systems will be unable to connect to this server. 
2019-06-11T02:48:40.355+0000 I CONTROL  [initandlisten] **          Start the server with --bind_ip <address> to specify which IP 
2019-06-11T02:48:40.355+0000 I CONTROL  [initandlisten] **          addresses it should serve responses from, or with --bind_ip_all to
2019-06-11T02:48:40.355+0000 I CONTROL  [initandlisten] **          bind to all interfaces. If this behavior is desired, start the
2019-06-11T02:48:40.355+0000 I CONTROL  [initandlisten] **          server with --bind_ip 127.0.0.1 to disable this warning.
2019-06-11T02:48:40.355+0000 I CONTROL  [initandlisten] 
2019-06-11T02:48:40.638+0000 I FTDC     [initandlisten] Initializing full-time diagnostic data capture with directory '/data/db/diagnostic.data'
2019-06-11T02:48:41.029+0000 I NETWORK  [initandlisten] waiting for connections on port 27017
2019-06-11T02:48:41.526+0000 I NETWORK  [listener] connection accepted from 127.0.0.1:50198 #1 (1 connection now open)
2019-06-11T02:48:41.681+0000 I NETWORK  [conn1] received client metadata from 127.0.0.1:50198 conn1: { driver: { name: "mongo-java-driver", version: "3.9.1" }, os: { type: "Linux", name: "Linux", architecture: "amd64", version: "4.9.0-8-amd64" }, platform: "Java/Oracle Corporation/1.8.0_212-8u212-b03-2~deb9u1-b03" }
2019-06-11T02:48:53.025+0000 I NETWORK  [listener] connection accepted from 127.0.0.1:50202 #2 (2 connections now open)
2019-06-11T02:48:53.032+0000 I NETWORK  [conn2] received client metadata from 127.0.0.1:50202 conn2: { driver: { name: "nodejs", version: "3.2.6" }, os: { type: "Linux", name: "linux", architecture: "x64", version: "4.9.0-8-amd64" }, platform: "Node.js v8.16.0, LE, mongodb-core: 3.2.6" }
2019-06-11T02:49:00.331+0000 I NETWORK  [conn2] end connection 127.0.0.1:50202 (1 connection now open)
2019-06-11T02:53:41.370+0000 I COMMAND  [LogicalSessionCacheRefresh] command config.system.sessions command: listIndexes { listIndexes: "system.sessions", cursor: {}, $db: "config" } numYields:0 reslen:324 locks:{ Global: { acquireCount: { r: 1 } }, Database: { acquireCount: { r: 1 } }, Collection: { acquireCount: { r: 1 } } } protocol:op_msg 105ms
2019-06-11T02:53:41.825+0000 I WRITE    [LogicalSessionCacheRefresh] update config.system.sessions command: { q: { _id: { id: UUID("809c457d-d7cf-4bf1-bcc8-76b343e89ece"), uid: BinData(0, E3B0C44298FC1C149AFBF4C8996FB92427AE41E4649B934CA495991B7852B855) } }, u: { $currentDate: { lastUse: true } }, multi: false, upsert: true } planSummary: IDHACK keysExamined:0 docsExamined:0 nMatched:0 nModified:0 upsert:1 keysInserted:2 numYields:2 locks:{ Global: { acquireCount: { r: 3, w: 3 } }, Database: { acquireCount: { w: 3 } }, Collection: { acquireCount: { w: 3 } } } 293ms
2019-06-11T02:53:41.878+0000 I COMMAND  [LogicalSessionCacheRefresh] command config.$cmd command: update { update: "system.sessions", ordered: false, allowImplicitCollectionCreation: false, writeConcern: { w: "majority", wtimeout: 15000 }, $db: "config" } numYields:0 reslen:171 locks:{ Global: { acquireCount: { r: 3, w: 3 } }, Database: { acquireCount: { w: 3 } }, Collection: { acquireCount: { w: 3 } } } protocol:op_msg 435ms
2019-06-11T03:14:44.925+0000 I NETWORK  [listener] connection accepted from 127.0.0.1:50476 #3 (2 connections now open)
2019-06-11T03:14:44.948+0000 I NETWORK  [conn3] received client metadata from 127.0.0.1:50476 conn3: { driver: { name: "nodejs", version: "3.2.6" }, os: { type: "Linux", name: "linux", architecture: "x64", version: "4.9.0-8-amd64" }, platform: "Node.js v8.16.0, LE, mongodb-core: 3.2.6" }
2019-06-11T03:22:53.363+0000 I NETWORK  [conn3] end connection 127.0.0.1:50476 (1 connection now open)
2019-06-11T08:06:17.823+0000 I CONTROL  [signalProcessingThread] got signal 1 (Hangup), will terminate after current cmd ends
2019-06-11T08:06:17.935+0000 I NETWORK  [signalProcessingThread] shutdown: going to close listening sockets...
2019-06-11T08:06:17.966+0000 I NETWORK  [signalProcessingThread] removing socket file: /tmp/mongodb-27017.sock
2019-06-11T08:06:17.989+0000 I CONTROL  [signalProcessingThread] Shutting down free monitoring
2019-06-11T08:06:17.990+0000 I FTDC     [signalProcessingThread] Shutting down full-time diagnostic data capture
2019-06-11T08:06:18.220+0000 I STORAGE  [signalProcessingThread] WiredTigerKVEngine shutting down
2019-06-11T08:06:18.220+0000 I STORAGE  [signalProcessingThread] Shutting down session sweeper thread
2019-06-11T08:06:18.220+0000 I STORAGE  [signalProcessingThread] Finished shutting down session sweeper thread
2019-06-11T08:06:18.308+0000 I STORAGE  [signalProcessingThread] shutdown: removing fs lock...
2019-06-11T08:06:18.309+0000 I CONTROL  [signalProcessingThread] now exiting
2019-06-11T08:06:18.309+0000 I CONTROL  [signalProcessingThread] shutting down with code:0
2019-06-11T19:37:23.404+0000 I CONTROL  [main] Automatically disabling TLS 1.0, to force-enable TLS 1.0 specify --sslDisabledProtocols 'none'
2019-06-11T19:37:23.482+0000 I CONTROL  [initandlisten] MongoDB starting : pid=12923 port=27017 dbpath=/data/db 64-bit host=instance-1
2019-06-11T19:37:23.482+0000 I CONTROL  [initandlisten] db version v4.0.6
2019-06-11T19:37:23.482+0000 I CONTROL  [initandlisten] git version: caa42a1f75a56c7643d0b68d3880444375ec42e3
2019-06-11T19:37:23.482+0000 I CONTROL  [initandlisten] OpenSSL version: OpenSSL 1.1.0j  20 Nov 2018
2019-06-11T19:37:23.482+0000 I CONTROL  [initandlisten] allocator: tcmalloc
2019-06-11T19:37:23.482+0000 I CONTROL  [initandlisten] modules: none
2019-06-11T19:37:23.482+0000 I CONTROL  [initandlisten] build environment:
2019-06-11T19:37:23.482+0000 I CONTROL  [initandlisten]     distmod: debian92
2019-06-11T19:37:23.482+0000 I CONTROL  [initandlisten]     distarch: x86_64
2019-06-11T19:37:23.482+0000 I CONTROL  [initandlisten]     target_arch: x86_64
2019-06-11T19:37:23.482+0000 I CONTROL  [initandlisten] options: {}
2019-06-11T19:37:23.504+0000 I STORAGE  [initandlisten] Detected data files in /data/db created by the 'wiredTiger' storage engine, so setting the active storage engine to 'wiredTiger'.
2019-06-11T19:37:23.504+0000 I STORAGE  [initandlisten] 
2019-06-11T19:37:23.504+0000 I STORAGE  [initandlisten] ** WARNING: Using the XFS filesystem is strongly recommended with the WiredTiger storage engine
2019-06-11T19:37:23.504+0000 I STORAGE  [initandlisten] **          See http://dochub.mongodb.org/core/prodnotes-filesystem
2019-06-11T19:37:23.504+0000 I STORAGE  [initandlisten] wiredtiger_open config: create,cache_size=256M,session_max=20000,eviction=(threads_min=4,threads_max=4),config_base=false,statistics=(fast),log=(enabled=true,archive=true,path=journal,compressor=snappy),file_manager=(close_idle_time=100000),statistics_log=(wait=0),verbose=(recovery_progress),
2019-06-11T19:37:24.792+0000 I STORAGE  [initandlisten] WiredTiger message [1560281844:792208][12923:0x7f4532c7a080], txn-recover: Main recovery loop: starting at 10/56576 to 11/256
2019-06-11T19:37:25.184+0000 I STORAGE  [initandlisten] WiredTiger message [1560281845:184840][12923:0x7f4532c7a080], txn-recover: Recovering log 10 through 11
2019-06-11T19:37:25.356+0000 I STORAGE  [initandlisten] WiredTiger message [1560281845:356505][12923:0x7f4532c7a080], txn-recover: Recovering log 11 through 11
2019-06-11T19:37:25.445+0000 I STORAGE  [initandlisten] WiredTiger message [1560281845:445206][12923:0x7f4532c7a080], txn-recover: Set global recovery timestamp: 0
2019-06-11T19:37:25.752+0000 I RECOVERY [initandlisten] WiredTiger recoveryTimestamp. Ts: Timestamp(0, 0)
2019-06-11T19:37:25.985+0000 I CONTROL  [initandlisten] 
2019-06-11T19:37:25.986+0000 I CONTROL  [initandlisten] ** WARNING: Access control is not enabled for the database.
2019-06-11T19:37:25.986+0000 I CONTROL  [initandlisten] **          Read and write access to data and configuration is unrestricted.
2019-06-11T19:37:25.986+0000 I CONTROL  [initandlisten] 
2019-06-11T19:37:25.986+0000 I CONTROL  [initandlisten] ** WARNING: This server is bound to localhost.
2019-06-11T19:37:25.986+0000 I CONTROL  [initandlisten] **          Remote systems will be unable to connect to this server. 
2019-06-11T19:37:25.986+0000 I CONTROL  [initandlisten] **          Start the server with --bind_ip <address> to specify which IP 
2019-06-11T19:37:25.986+0000 I CONTROL  [initandlisten] **          addresses it should serve responses from, or with --bind_ip_all to
2019-06-11T19:37:25.986+0000 I CONTROL  [initandlisten] **          bind to all interfaces. If this behavior is desired, start the
2019-06-11T19:37:25.986+0000 I CONTROL  [initandlisten] **          server with --bind_ip 127.0.0.1 to disable this warning.
2019-06-11T19:37:25.986+0000 I CONTROL  [initandlisten] 
2019-06-11T19:37:26.230+0000 I FTDC     [initandlisten] Initializing full-time diagnostic data capture with directory '/data/db/diagnostic.data'
2019-06-11T19:37:26.687+0000 I NETWORK  [initandlisten] waiting for connections on port 27017
2019-06-11T19:37:28.573+0000 I NETWORK  [listener] connection accepted from 127.0.0.1:35414 #1 (1 connection now open)
2019-06-11T19:37:28.747+0000 I NETWORK  [conn1] received client metadata from 127.0.0.1:35414 conn1: { driver: { name: "mongo-java-driver", version: "3.9.1" }, os: { type: "Linux", name: "Linux", architecture: "amd64", version: "4.9.0-8-amd64" }, platform: "Java/Oracle Corporation/1.8.0_212-8u212-b03-2~deb9u1-b03" }
2019-06-11T20:14:02.288+0000 I NETWORK  [listener] connection accepted from 127.0.0.1:35612 #2 (2 connections now open)
2019-06-11T20:14:02.295+0000 I NETWORK  [conn2] received client metadata from 127.0.0.1:35612 conn2: { driver: { name: "nodejs", version: "3.2.6" }, os: { type: "Linux", name: "linux", architecture: "x64", version: "4.9.0-8-amd64" }, platform: "Node.js v8.16.0, LE, mongodb-core: 3.2.6" }
2019-06-11T20:17:26.913+0000 I WRITE    [LogicalSessionCacheRefresh] update config.system.sessions command: { q: { _id: { id: UUID("fa182c38-8274-482b-b88a-152217f3c45f"), uid: BinData(0, E3B0C44298FC1C149AFBF4C8996FB92427AE41E4649B934CA495991B7852B855) } }, u: { $currentDate: { lastUse: true } }, multi: false, upsert: true } planSummary: IDHACK keysExamined:0 docsExamined:0 nMatched:0 nModified:0 upsert:1 keysInserted:2 numYields:1 locks:{ Global: { acquireCount: { r: 2, w: 2 } }, Database: { acquireCount: { w: 2 } }, Collection: { acquireCount: { w: 2 } } } 121ms
2019-06-11T20:17:26.941+0000 I COMMAND  [LogicalSessionCacheRefresh] command config.$cmd command: update { update: "system.sessions", ordered: false, allowImplicitCollectionCreation: false, writeConcern: { w: "majority", wtimeout: 15000 }, $db: "config" } numYields:0 reslen:171 locks:{ Global: { acquireCount: { r: 2, w: 2 } }, Database: { acquireCount: { w: 2 } }, Collection: { acquireCount: { w: 2 } } } protocol:op_msg 149ms
2019-06-11T20:25:51.173+0000 I NETWORK  [conn2] end connection 127.0.0.1:35612 (1 connection now open)
2019-06-11T20:26:04.346+0000 I NETWORK  [listener] connection accepted from 127.0.0.1:35676 #3 (2 connections now open)
2019-06-11T20:26:04.368+0000 I NETWORK  [conn3] received client metadata from 127.0.0.1:35676 conn3: { driver: { name: "nodejs", version: "3.2.6" }, os: { type: "Linux", name: "linux", architecture: "x64", version: "4.9.0-8-amd64" }, platform: "Node.js v8.16.0, LE, mongodb-core: 3.2.6" }
2019-06-11T20:29:02.588+0000 I NETWORK  [conn3] end connection 127.0.0.1:35676 (1 connection now open)
2019-06-11T20:29:04.051+0000 I NETWORK  [listener] connection accepted from 127.0.0.1:35694 #4 (2 connections now open)
2019-06-11T20:29:04.073+0000 I NETWORK  [conn4] received client metadata from 127.0.0.1:35694 conn4: { driver: { name: "nodejs", version: "3.2.6" }, os: { type: "Linux", name: "linux", architecture: "x64", version: "4.9.0-8-amd64" }, platform: "Node.js v8.16.0, LE, mongodb-core: 3.2.6" }
2019-06-11T20:29:05.039+0000 I NETWORK  [conn4] end connection 127.0.0.1:35694 (1 connection now open)
2019-06-11T20:29:22.517+0000 I NETWORK  [listener] connection accepted from 127.0.0.1:35700 #5 (2 connections now open)
2019-06-11T20:29:22.539+0000 I NETWORK  [conn5] received client metadata from 127.0.0.1:35700 conn5: { driver: { name: "nodejs", version: "3.2.6" }, os: { type: "Linux", name: "linux", architecture: "x64", version: "4.9.0-8-amd64" }, platform: "Node.js v8.16.0, LE, mongodb-core: 3.2.6" }
2019-06-11T20:42:11.655+0000 I NETWORK  [listener] connection accepted from 127.0.0.1:35764 #6 (3 connections now open)
2019-06-11T20:42:11.693+0000 I NETWORK  [conn6] end connection 127.0.0.1:35764 (2 connections now open)
2019-06-11T20:49:18.281+0000 I NETWORK  [conn5] end connection 127.0.0.1:35700 (1 connection now open)
2019-06-11T20:49:50.375+0000 I NETWORK  [listener] connection accepted from 127.0.0.1:35808 #7 (2 connections now open)
2019-06-11T20:49:50.383+0000 I NETWORK  [conn7] received client metadata from 127.0.0.1:35808 conn7: { driver: { name: "nodejs", version: "3.2.6" }, os: { type: "Linux", name: "linux", architecture: "x64", version: "4.9.0-8-amd64" }, platform: "Node.js v8.16.0, LE, mongodb-core: 3.2.6" }
2019-06-11T20:49:50.411+0000 I NETWORK  [conn7] end connection 127.0.0.1:35808 (1 connection now open)
2019-06-11T20:50:03.042+0000 I CONTROL  [signalProcessingThread] got signal 15 (Terminated), will terminate after current cmd ends
2019-06-11T20:50:03.068+0000 I NETWORK  [signalProcessingThread] shutdown: going to close listening sockets...
2019-06-11T20:50:03.068+0000 I NETWORK  [signalProcessingThread] removing socket file: /tmp/mongodb-27017.sock
2019-06-11T20:50:03.129+0000 I CONTROL  [signalProcessingThread] Shutting down free monitoring
2019-06-11T20:50:03.129+0000 I FTDC     [signalProcessingThread] Shutting down full-time diagnostic data capture
2019-06-11T20:50:03.169+0000 I STORAGE  [signalProcessingThread] WiredTigerKVEngine shutting down
2019-06-11T20:50:03.169+0000 I STORAGE  [signalProcessingThread] Shutting down session sweeper thread
2019-06-11T20:50:03.169+0000 I STORAGE  [signalProcessingThread] Finished shutting down session sweeper thread
2019-06-11T20:50:03.308+0000 I STORAGE  [signalProcessingThread] shutdown: removing fs lock...
2019-06-11T20:50:03.308+0000 I CONTROL  [signalProcessingThread] now exiting
2019-06-11T20:50:03.308+0000 I CONTROL  [signalProcessingThread] shutting down with code:0
2019-06-11T20:50:18.981+0000 I CONTROL  [main] Automatically disabling TLS 1.0, to force-enable TLS 1.0 specify --sslDisabledProtocols 'none'
2019-06-11T20:50:19.082+0000 I CONTROL  [initandlisten] MongoDB starting : pid=13789 port=27017 dbpath=/data/db 64-bit host=instance-1
2019-06-11T20:50:19.082+0000 I CONTROL  [initandlisten] db version v4.0.6
2019-06-11T20:50:19.082+0000 I CONTROL  [initandlisten] git version: caa42a1f75a56c7643d0b68d3880444375ec42e3
2019-06-11T20:50:19.082+0000 I CONTROL  [initandlisten] OpenSSL version: OpenSSL 1.1.0j  20 Nov 2018
2019-06-11T20:50:19.082+0000 I CONTROL  [initandlisten] allocator: tcmalloc
2019-06-11T20:50:19.082+0000 I CONTROL  [initandlisten] modules: none
2019-06-11T20:50:19.082+0000 I CONTROL  [initandlisten] build environment:
2019-06-11T20:50:19.082+0000 I CONTROL  [initandlisten]     distmod: debian92
2019-06-11T20:50:19.082+0000 I CONTROL  [initandlisten]     distarch: x86_64
2019-06-11T20:50:19.082+0000 I CONTROL  [initandlisten]     target_arch: x86_64
2019-06-11T20:50:19.082+0000 I CONTROL  [initandlisten] options: {}
2019-06-11T20:50:19.118+0000 I STORAGE  [initandlisten] Detected data files in /data/db created by the 'wiredTiger' storage engine, so setting the active storage engine to 'wiredTiger'.
2019-06-11T20:50:19.118+0000 I STORAGE  [initandlisten] 
2019-06-11T20:50:19.118+0000 I STORAGE  [initandlisten] ** WARNING: Using the XFS filesystem is strongly recommended with the WiredTiger storage engine
2019-06-11T20:50:19.118+0000 I STORAGE  [initandlisten] **          See http://dochub.mongodb.org/core/prodnotes-filesystem
2019-06-11T20:50:19.118+0000 I STORAGE  [initandlisten] wiredtiger_open config: create,cache_size=256M,session_max=20000,eviction=(threads_min=4,threads_max=4),config_base=false,statistics=(fast),log=(enabled=true,archive=true,path=journal,compressor=snappy),file_manager=(close_idle_time=100000),statistics_log=(wait=0),verbose=(recovery_progress),
2019-06-11T20:50:20.433+0000 I STORAGE  [initandlisten] WiredTiger message [1560286220:401406][13789:0x7f09ba6bd080], txn-recover: Main recovery loop: starting at 11/24704 to 12/256
2019-06-11T20:50:20.818+0000 I STORAGE  [initandlisten] WiredTiger message [1560286220:818712][13789:0x7f09ba6bd080], txn-recover: Recovering log 11 through 12
2019-06-11T20:50:20.967+0000 I STORAGE  [initandlisten] WiredTiger message [1560286220:967176][13789:0x7f09ba6bd080], txn-recover: Recovering log 12 through 12
2019-06-11T20:50:21.067+0000 I STORAGE  [initandlisten] WiredTiger message [1560286221:67527][13789:0x7f09ba6bd080], txn-recover: Set global recovery timestamp: 0
2019-06-11T20:50:21.331+0000 I RECOVERY [initandlisten] WiredTiger recoveryTimestamp. Ts: Timestamp(0, 0)
2019-06-11T20:50:21.649+0000 I CONTROL  [initandlisten] 
2019-06-11T20:50:21.651+0000 I CONTROL  [initandlisten] ** WARNING: Access control is not enabled for the database.
2019-06-11T20:50:21.651+0000 I CONTROL  [initandlisten] **          Read and write access to data and configuration is unrestricted.
2019-06-11T20:50:21.651+0000 I CONTROL  [initandlisten] 
2019-06-11T20:50:21.651+0000 I CONTROL  [initandlisten] ** WARNING: This server is bound to localhost.
2019-06-11T20:50:21.651+0000 I CONTROL  [initandlisten] **          Remote systems will be unable to connect to this server. 
2019-06-11T20:50:21.651+0000 I CONTROL  [initandlisten] **          Start the server with --bind_ip <address> to specify which IP 
2019-06-11T20:50:21.651+0000 I CONTROL  [initandlisten] **          addresses it should serve responses from, or with --bind_ip_all to
2019-06-11T20:50:21.651+0000 I CONTROL  [initandlisten] **          bind to all interfaces. If this behavior is desired, start the
2019-06-11T20:50:21.651+0000 I CONTROL  [initandlisten] **          server with --bind_ip 127.0.0.1 to disable this warning.
2019-06-11T20:50:21.651+0000 I CONTROL  [initandlisten] 
2019-06-11T20:50:22.035+0000 I FTDC     [initandlisten] Initializing full-time diagnostic data capture with directory '/data/db/diagnostic.data'
2019-06-11T20:50:22.812+0000 I NETWORK  [initandlisten] waiting for connections on port 27017
2019-06-11T20:50:29.321+0000 I NETWORK  [listener] connection accepted from 127.0.0.1:35816 #1 (1 connection now open)
2019-06-11T20:50:29.485+0000 I NETWORK  [listener] connection accepted from 127.0.0.1:35818 #2 (2 connections now open)
2019-06-11T20:50:29.510+0000 I NETWORK  [conn1] received client metadata from 127.0.0.1:35816 conn1: { driver: { name: "mongo-java-driver", version: "3.9.1" }, os: { type: "Linux", name: "Linux", architecture: "amd64", version: "4.9.0-8-amd64" }, platform: "Java/Oracle Corporation/1.8.0_212-8u212-b03-2~deb9u1-b03" }
2019-06-11T20:50:29.510+0000 I NETWORK  [conn2] received client metadata from 127.0.0.1:35818 conn2: { driver: { name: "nodejs", version: "3.2.6" }, os: { type: "Linux", name: "linux", architecture: "x64", version: "4.9.0-8-amd64" }, platform: "Node.js v8.16.0, LE, mongodb-core: 3.2.6" }
2019-06-11T20:50:29.603+0000 I NETWORK  [conn2] end connection 127.0.0.1:35818 (1 connection now open)
2019-06-11T20:54:07.272+0000 I NETWORK  [listener] connection accepted from 127.0.0.1:35842 #3 (2 connections now open)
2019-06-11T20:54:07.279+0000 I NETWORK  [conn3] received client metadata from 127.0.0.1:35842 conn3: { driver: { name: "nodejs", version: "3.2.6" }, os: { type: "Linux", name: "linux", architecture: "x64", version: "4.9.0-8-amd64" }, platform: "Node.js v8.16.0, LE, mongodb-core: 3.2.6" }
2019-06-11T20:54:07.308+0000 I NETWORK  [conn3] end connection 127.0.0.1:35842 (1 connection now open)
2019-06-11T20:54:57.202+0000 I NETWORK  [listener] connection accepted from 127.0.0.1:35852 #4 (2 connections now open)
2019-06-11T20:54:57.209+0000 I NETWORK  [conn4] end connection 127.0.0.1:35852 (1 connection now open)
2019-06-11T20:55:23.069+0000 I WRITE    [LogicalSessionCacheRefresh] update config.system.sessions command: { q: { _id: { id: UUID("d6e34e1e-50f4-441c-adf4-c5f1f7d08a74"), uid: BinData(0, E3B0C44298FC1C149AFBF4C8996FB92427AE41E4649B934CA495991B7852B855) } }, u: { $currentDate: { lastUse: true } }, multi: false, upsert: true } planSummary: IDHACK keysExamined:0 docsExamined:0 nMatched:0 nModified:0 upsert:1 keysInserted:2 numYields:1 locks:{ Global: { acquireCount: { r: 2, w: 2 } }, Database: { acquireCount: { w: 2 } }, Collection: { acquireCount: { w: 2 } } } 137ms
2019-06-11T20:55:23.095+0000 I COMMAND  [LogicalSessionCacheRefresh] command config.$cmd command: update { update: "system.sessions", ordered: false, allowImplicitCollectionCreation: false, writeConcern: { w: "majority", wtimeout: 15000 }, $db: "config" } numYields:0 reslen:267 locks:{ Global: { acquireCount: { r: 3, w: 3 } }, Database: { acquireCount: { w: 3 } }, Collection: { acquireCount: { w: 3 } } } protocol:op_msg 163ms
2019-06-11T20:56:29.783+0000 I NETWORK  [listener] connection accepted from 127.0.0.1:35862 #5 (2 connections now open)
2019-06-11T20:56:29.789+0000 I NETWORK  [conn5] end connection 127.0.0.1:35862 (1 connection now open)
2019-06-11T20:56:52.171+0000 I NETWORK  [listener] connection accepted from 127.0.0.1:35868 #6 (2 connections now open)
2019-06-11T20:56:52.193+0000 I NETWORK  [conn6] received client metadata from 127.0.0.1:35868 conn6: { driver: { name: "nodejs", version: "3.2.6" }, os: { type: "Linux", name: "linux", architecture: "x64", version: "4.9.0-8-amd64" }, platform: "Node.js v8.16.0, LE, mongodb-core: 3.2.6" }
2019-06-11T20:59:36.348+0000 I NETWORK  [conn6] end connection 127.0.0.1:35868 (1 connection now open)
2019-06-11T20:59:38.089+0000 I NETWORK  [listener] connection accepted from 127.0.0.1:35884 #7 (2 connections now open)
2019-06-11T20:59:38.111+0000 I NETWORK  [conn7] received client metadata from 127.0.0.1:35884 conn7: { driver: { name: "nodejs", version: "3.2.6" }, os: { type: "Linux", name: "linux", architecture: "x64", version: "4.9.0-8-amd64" }, platform: "Node.js v8.16.0, LE, mongodb-core: 3.2.6" }
2019-06-11T21:03:47.962+0000 I COMMAND  [conn7] command my_database.users command: aggregate { aggregate: "users", pipeline: [ { $match: { $and: [ { _id: ObjectId('5d001733a0923036a6b28a7a') } ] } }, { $group: { _id: 1, n: { $sum: 1 } } } ], cursor: {}, lsid: { id: UUID("eeb9aa80-0e5a-494c-9a12-77df2837ec7f") }, $db: "my_database" } planSummary: COUNT_SCAN { _id: 1 } keysExamined:1 docsExamined:0 cursorExhausted:1 numYields:0 nreturned:0 reslen:106 locks:{ Global: { acquireCount: { r: 2 } }, Database: { acquireCount: { r: 2 } }, Collection: { acquireCount: { r: 2 } } } protocol:op_msg 262ms
2019-06-11T22:49:07.359+0000 I NETWORK  [conn7] end connection 127.0.0.1:35884 (1 connection now open)
2019-06-11T22:49:18.752+0000 I NETWORK  [listener] connection accepted from 127.0.0.1:36428 #8 (2 connections now open)
Server running at http://35.237.137.132:3000/
2019-06-11T22:49:18.759+0000 I NETWORK  [conn8] received client metadata from 127.0.0.1:36428 conn8: { driver: { name: "nodejs", version: "3.2.6" }, os: { type: "Linux", name: "linux", architecture: "x64", version: "4.9.0-8-amd64" }, platform: "Node.js v8.16.0, LE, mongodb-core: 3.2.6" }
CONNECTION 1
2019-06-11T22:49:21.259+0000 I NETWORK  [conn8] end connection 127.0.0.1:36428 (1 connection now open)
2019-06-11T22:49:24.066+0000 I NETWORK  [listener] connection accepted from 127.0.0.1:36430 #9 (2 connections now open)
Server running at http://35.237.137.132:3000/
2019-06-11T22:49:24.088+0000 I NETWORK  [conn9] received client metadata from 127.0.0.1:36430 conn9: { driver: { name: "nodejs", version: "3.2.6" }, os: { type: "Linux", name: "linux", architecture: "x64", version: "4.9.0-8-amd64" }, platform: "Node.js v8.16.0, LE, mongodb-core: 3.2.6" }
CONNECTION 1
USER DISCONNECTED
CONNECTION 1
USER DISCONNECTED
CONNECTION 1
USER DISCONNECTED
CONNECTION 1
USER DISCONNECTED
CONNECTION 1
Path `username` is required.
CONNECTION 2
USER DISCONNECTED
CONNECTION 2
USER DISCONNECTED
CONNECTION 2
USER DISCONNECTED
CONNECTION 2
Path `username` is required.
MESSAGE FROM: dfghj
NO MATCH MADE, PUTTING dfghj ON WAITING LIST
USER DISCONNECTED
CONNECTION 2
USER DISCONNECTED
CONNECTION 2
USER DISCONNECTED
CONNECTION 2
USER DISCONNECTED
CONNECTION 2
Path `username` is required.
USER DISCONNECTED
CONNECTION 2
USER DISCONNECTED
CONNECTION 2
USER DISCONNECTED
CONNECTION 2
USER DISCONNECTED
CONNECTION 2
Path `username` is required.
USER DISCONNECTED
CONNECTION 2
USER DISCONNECTED
CONNECTION 2
USER DISCONNECTED
CONNECTION 2
USER DISCONNECTED
CONNECTION 2
USER DISCONNECTED
CONNECTION 2
USER DISCONNECTED
CONNECTION 2
USER DISCONNECTED
CONNECTION 2
USER DISCONNECTED
CONNECTION 2
USER DISCONNECTED
CONNECTION 2
USER DISCONNECTED
CONNECTION 2
USER DISCONNECTED
CONNECTION 2
USER DISCONNECTED
CONNECTION 2
USER DISCONNECTED
CONNECTION 2
USER DISCONNECTED
CONNECTION 2
USER DISCONNECTED
CONNECTION 2
USER DISCONNECTED
CONNECTION 2
USER DISCONNECTED
CONNECTION 2
USER DISCONNECTED
CONNECTION 2
USER DISCONNECTED
CONNECTION 2
USER DISCONNECTED
CONNECTION 2
USER DISCONNECTED
CONNECTION 2
USER DISCONNECTED
CONNECTION 2
USER DISCONNECTED
CONNECTION 2
USER DISCONNECTED
CONNECTION 2
USER DISCONNECTED
CONNECTION 2
USER DISCONNECTED
CONNECTION 2
USER DISCONNECTED
CONNECTION 2
USER DISCONNECTED
CONNECTION 2
USER DISCONNECTED
CONNECTION 2
USER DISCONNECTED
CONNECTION 2
USER DISCONNECTED
CONNECTION 2
USER DISCONNECTED
CONNECTION 2
USER DISCONNECTED
CONNECTION 2
USER DISCONNECTED
CONNECTION 2
USER DISCONNECTED
CONNECTION 2
USER DISCONNECTED
CONNECTION 2
USER DISCONNECTED
CONNECTION 2
USER DISCONNECTED
CONNECTION 2
USER DISCONNECTED
CONNECTION 2
USER DISCONNECTED
CONNECTION 2
USER DISCONNECTED
CONNECTION 2
USER DISCONNECTED
CONNECTION 2
USER DISCONNECTED
CONNECTION 2
USER DISCONNECTED
CONNECTION 2
USER DISCONNECTED
CONNECTION 2
USER DISCONNECTED
CONNECTION 2
USER DISCONNECTED
CONNECTION 2
Path `username` is required.
USER DISCONNECTED
CONNECTION 2
Path `username` is required.
USER DISCONNECTED
CONNECTION 2
USER DISCONNECTED
CONNECTION 2
USER DISCONNECTED
CONNECTION 2
USER DISCONNECTED
CONNECTION 2
Path `username` is required.
USER DISCONNECTED
CONNECTION 2
USER DISCONNECTED
CONNECTION 2
Path `username` is required.
USER DISCONNECTED
CONNECTION 2
Path `username` is required.
USER DISCONNECTED
CONNECTION 2
Path `username` is required.
USER DISCONNECTED
CONNECTION 2
Path `username` is required.
USER DISCONNECTED
CONNECTION 2
Path `username` is required.
USER DISCONNECTED
CONNECTION 2
USER DISCONNECTED
CONNECTION 2
Path `username` is required.
USER DISCONNECTED
CONNECTION 2
Path `username` is required.
USER DISCONNECTED
CONNECTION 2
USER DISCONNECTED
CONNECTION 2
Path `username` is required.
USER DISCONNECTED
CONNECTION 2
USER DISCONNECTED
CONNECTION 2
USER DISCONNECTED
CONNECTION 2
Path `username` is required.
USER DISCONNECTED
CONNECTION 2
USER DISCONNECTED
CONNECTION 2
USER DISCONNECTED
CONNECTION 2
USER DISCONNECTED
CONNECTION 2
USER DISCONNECTED
CONNECTION 2
USER DISCONNECTED
CONNECTION 2
USER DISCONNECTED
CONNECTION 2
USER DISCONNECTED
CONNECTION 2
USER DISCONNECTED
CONNECTION 2
USER DISCONNECTED
CONNECTION 2
USER DISCONNECTED
CONNECTION 2
USER DISCONNECTED
CONNECTION 2
USER DISCONNECTED
CONNECTION 2
USER DISCONNECTED
CONNECTION 2
USER DISCONNECTED
CONNECTION 2
USER DISCONNECTED
CONNECTION 2
USER DISCONNECTED
CONNECTION 2
Path `username` is required.
USER DISCONNECTED
CONNECTION 2
USER DISCONNECTED
CONNECTION 2
USER DISCONNECTED
CONNECTION 2
USER DISCONNECTED
CONNECTION 2
USER DISCONNECTED
CONNECTION 2
USER DISCONNECTED
CONNECTION 2
USER DISCONNECTED
CONNECTION 2
USER DISCONNECTED
CONNECTION 2
USER DISCONNECTED
CONNECTION 2
USER DISCONNECTED
CONNECTION 2
USER DISCONNECTED
CONNECTION 2
USER DISCONNECTED
CONNECTION 2
USER DISCONNECTED
CONNECTION 2
USER DISCONNECTED
CONNECTION 2
USER DISCONNECTED
CONNECTION 2
USER DISCONNECTED
CONNECTION 2
USER DISCONNECTED
CONNECTION 2
USER DISCONNECTED
CONNECTION 2
USER DISCONNECTED
CONNECTION 2
USER DISCONNECTED
CONNECTION 2
USER DISCONNECTED
CONNECTION 2
USER DISCONNECTED
CONNECTION 2
USER DISCONNECTED
CONNECTION 2
USER DISCONNECTED
CONNECTION 2
USER DISCONNECTED
CONNECTION 2
USER DISCONNECTED
CONNECTION 2
USER DISCONNECTED
CONNECTION 2
USER DISCONNECTED
CONNECTION 2
USER DISCONNECTED
CONNECTION 2
CONNECTION 3
USER DISCONNECTED
CONNECTION 3
USER DISCONNECTED
CONNECTION 3
USER DISCONNECTED
CONNECTION 3
Path `username` is required.
USER DISCONNECTED
USER DISCONNECTED
CONNECTION 2
USER DISCONNECTED
CONNECTION 2
USER DISCONNECTED
CONNECTION 2
USER DISCONNECTED
CONNECTION 2
USER DISCONNECTED
CONNECTION 2
USER DISCONNECTED
CONNECTION 2
USER DISCONNECTED
CONNECTION 2
USER DISCONNECTED
CONNECTION 2
USER DISCONNECTED
CONNECTION 2
USER DISCONNECTED
CONNECTION 2
USER DISCONNECTED
CONNECTION 2
USER DISCONNECTED
CONNECTION 2
USER DISCONNECTED
CONNECTION 2
USER DISCONNECTED
CONNECTION 2
USER DISCONNECTED
CONNECTION 2
USER DISCONNECTED
CONNECTION 2
USER DISCONNECTED
CONNECTION 2
USER DISCONNECTED
CONNECTION 2
USER DISCONNECTED
CONNECTION 2
USER DISCONNECTED
CONNECTION 2
USER DISCONNECTED
CONNECTION 2
USER DISCONNECTED
CONNECTION 2
USER DISCONNECTED
CONNECTION 2
USER DISCONNECTED
CONNECTION 2
USER DISCONNECTED
CONNECTION 2
USER DISCONNECTED
CONNECTION 2
USER DISCONNECTED
CONNECTION 2
USER DISCONNECTED
CONNECTION 2
USER DISCONNECTED
CONNECTION 2
USER DISCONNECTED
CONNECTION 2
USER DISCONNECTED
CONNECTION 2
USER DISCONNECTED
CONNECTION 2
USER DISCONNECTED
CONNECTION 2
USER DISCONNECTED
CONNECTION 2
USER DISCONNECTED
CONNECTION 2
USER DISCONNECTED
CONNECTION 2
USER DISCONNECTED
CONNECTION 2
USER DISCONNECTED
CONNECTION 2
USER DISCONNECTED
CONNECTION 2
USER DISCONNECTED
CONNECTION 2
USER DISCONNECTED
CONNECTION 2
USER DISCONNECTED
CONNECTION 2
USER DISCONNECTED
CONNECTION 2
USER DISCONNECTED
CONNECTION 2
USER DISCONNECTED
CONNECTION 2
USER DISCONNECTED
CONNECTION 2
USER DISCONNECTED
CONNECTION 2
USER DISCONNECTED
CONNECTION 2
USER DISCONNECTED
CONNECTION 2
USER DISCONNECTED
CONNECTION 2
USER DISCONNECTED
CONNECTION 2
USER DISCONNECTED
CONNECTION 2
USER DISCONNECTED
CONNECTION 2
USER DISCONNECTED
CONNECTION 2
USER DISCONNECTED
CONNECTION 2
USER DISCONNECTED
CONNECTION 2
USER DISCONNECTED
CONNECTION 2
USER DISCONNECTED
CONNECTION 2
USER DISCONNECTED
CONNECTION 2
USER DISCONNECTED
CONNECTION 2
USER DISCONNECTED
CONNECTION 2
USER DISCONNECTED
CONNECTION 2
USER DISCONNECTED
CONNECTION 2
USER DISCONNECTED
CONNECTION 2
USER DISCONNECTED
CONNECTION 2
USER DISCONNECTED
CONNECTION 2
USER DISCONNECTED
CONNECTION 2
USER DISCONNECTED
CONNECTION 2
USER DISCONNECTED
CONNECTION 2
USER DISCONNECTED
USER DISCONNECTED
CONNECTION 1
CONNECTION 2
USER DISCONNECTED
CONNECTION 2
USER DISCONNECTED
CONNECTION 2
USER DISCONNECTED
CONNECTION 2
USER DISCONNECTED
CONNECTION 2
USER DISCONNECTED
CONNECTION 2
USER DISCONNECTED
CONNECTION 2
USER DISCONNECTED
CONNECTION 2
USER DISCONNECTED
CONNECTION 2
USER DISCONNECTED
CONNECTION 2
USER DISCONNECTED
CONNECTION 2
USER DISCONNECTED
CONNECTION 2
USER DISCONNECTED
CONNECTION 2
USER DISCONNECTED
CONNECTION 2
USER DISCONNECTED
CONNECTION 2
USER DISCONNECTED
CONNECTION 2
USER DISCONNECTED
CONNECTION 2
USER DISCONNECTED
CONNECTION 2
USER DISCONNECTED
CONNECTION 2
USER DISCONNECTED
CONNECTION 2
USER DISCONNECTED
CONNECTION 2
USER DISCONNECTED
CONNECTION 2
USER DISCONNECTED
CONNECTION 2
USER DISCONNECTED
CONNECTION 2
USER DISCONNECTED
CONNECTION 2
USER DISCONNECTED
CONNECTION 2
USER DISCONNECTED
CONNECTION 2
USER DISCONNECTED
CONNECTION 2
USER DISCONNECTED
CONNECTION 2
USER DISCONNECTED
CONNECTION 2
USER DISCONNECTED
CONNECTION 2
USER DISCONNECTED
CONNECTION 2
USER DISCONNECTED
CONNECTION 2
USER DISCONNECTED
CONNECTION 2
USER DISCONNECTED
CONNECTION 2
USER DISCONNECTED
CONNECTION 2
USER DISCONNECTED
CONNECTION 2
USER DISCONNECTED
CONNECTION 2
USER DISCONNECTED
CONNECTION 2
USER DISCONNECTED
USER DISCONNECTED
CONNECTION 1
USER DISCONNECTED
CONNECTION 1
CONNECTION 2
USER DISCONNECTED
USER DISCONNECTED
CONNECTION 1
CONNECTION 2
USER DISCONNECTED
USER DISCONNECTED
CONNECTION 1
CONNECTION 2
USER DISCONNECTED
USER DISCONNECTED
CONNECTION 1
CONNECTION 2
USER DISCONNECTED
USER DISCONNECTED
CONNECTION 1
2019-06-12T14:57:48.875+0000 I COMMAND  [conn9] command my_database.users command: aggregate { aggregate: "users", pipeline: [ { $match: { $and: [ { _id: ObjectId('5d0112ecc7b91c3aed0f5d08') } ] } }, { $group: { _id: 1, n: { $sum: 1 } } } ], cursor: {}, lsid: { id: UUID("0b1be698-fc87-4fab-ba42-8423332fe87e") }, $db: "my_database" } planSummary: COUNT_SCAN { _id: 1 } keysExamined:1 docsExamined:0 cursorExhausted:1 numYields:0 nreturned:0 reslen:106 locks:{ Global: { acquireCount: { r: 2 } }, Database: { acquireCount: { r: 2 } }, Collection: { acquireCount: { r: 2 } } } protocol:op_msg 498ms
Path `username` is required.
USER DISCONNECTED
2019-06-12T15:00:23.168+0000 I WRITE    [LogicalSessionCacheRefresh] update config.system.sessions command: { q: { _id: { id: UUID("0b1be698-fc87-4fab-ba42-8423332fe87e"), uid: BinData(0, E3B0C44298FC1C149AFBF4C8996FB92427AE41E4649B934CA495991B7852B855) } }, u: { $currentDate: { lastUse: true } }, multi: false, upsert: true } planSummary: IDHACK keysExamined:0 docsExamined:0 nMatched:0 nModified:0 upsert:1 keysInserted:2 numYields:1 locks:{ Global: { acquireCount: { r: 2, w: 2 } }, Database: { acquireCount: { w: 2 } }, Collection: { acquireCount: { w: 2 } } } 217ms
2019-06-12T15:00:23.207+0000 I COMMAND  [LogicalSessionCacheRefresh] command config.$cmd command: update { update: "system.sessions", ordered: false, allowImplicitCollectionCreation: false, writeConcern: { w: "majority", wtimeout: 15000 }, $db: "config" } numYields:0 reslen:171 locks:{ Global: { acquireCount: { r: 2, w: 2 } }, Database: { acquireCount: { w: 2 } }, Collection: { acquireCount: { w: 2 } } } protocol:op_msg 326ms
CONNECTION 1
USER DISCONNECTED
CONNECTION 1
CONNECTION 2
USER DISCONNECTED
CONNECTION 2
USER DISCONNECTED
CONNECTION 2
USER DISCONNECTED
CONNECTION 2
USER DISCONNECTED
CONNECTION 2
USER DISCONNECTED
CONNECTION 2
USER DISCONNECTED
CONNECTION 2
USER DISCONNECTED
CONNECTION 2
USER DISCONNECTED
CONNECTION 2
USER DISCONNECTED
CONNECTION 2
USER DISCONNECTED
CONNECTION 2
USER DISCONNECTED
CONNECTION 2
USER DISCONNECTED
CONNECTION 2
USER DISCONNECTED
CONNECTION 2
USER DISCONNECTED
CONNECTION 2
USER DISCONNECTED
CONNECTION 2
USER DISCONNECTED
CONNECTION 2
USER DISCONNECTED
CONNECTION 2
USER DISCONNECTED
CONNECTION 2
USER DISCONNECTED
CONNECTION 2
USER DISCONNECTED
CONNECTION 2
USER DISCONNECTED
CONNECTION 2
USER DISCONNECTED
CONNECTION 2
USER DISCONNECTED
CONNECTION 2
USER DISCONNECTED
CONNECTION 2
USER DISCONNECTED
CONNECTION 2
USER DISCONNECTED
CONNECTION 2
USER DISCONNECTED
CONNECTION 2
USER DISCONNECTED
CONNECTION 2
USER DISCONNECTED
CONNECTION 2
USER DISCONNECTED
CONNECTION 2
USER DISCONNECTED
CONNECTION 2
USER DISCONNECTED
CONNECTION 2
USER DISCONNECTED
CONNECTION 2
USER DISCONNECTED
CONNECTION 2
USER DISCONNECTED
CONNECTION 2
USER DISCONNECTED
CONNECTION 2
USER DISCONNECTED
CONNECTION 2
USER DISCONNECTED
CONNECTION 2
USER DISCONNECTED
CONNECTION 2
USER DISCONNECTED
CONNECTION 2
USER DISCONNECTED
CONNECTION 2
USER DISCONNECTED
CONNECTION 2
USER DISCONNECTED
CONNECTION 2
USER DISCONNECTED
CONNECTION 2
USER DISCONNECTED
CONNECTION 2
USER DISCONNECTED
CONNECTION 2
USER DISCONNECTED
CONNECTION 2
USER DISCONNECTED
CONNECTION 2
USER DISCONNECTED
CONNECTION 2
USER DISCONNECTED
CONNECTION 2
USER DISCONNECTED
CONNECTION 2
USER DISCONNECTED
CONNECTION 2
USER DISCONNECTED
CONNECTION 2
USER DISCONNECTED
CONNECTION 2
USER DISCONNECTED
CONNECTION 2
USER DISCONNECTED
CONNECTION 2
USER DISCONNECTED
CONNECTION 2
USER DISCONNECTED
CONNECTION 2
USER DISCONNECTED
CONNECTION 2
USER DISCONNECTED
CONNECTION 2
USER DISCONNECTED
CONNECTION 2
USER DISCONNECTED
CONNECTION 2
USER DISCONNECTED
CONNECTION 2
USER DISCONNECTED
CONNECTION 2
USER DISCONNECTED
CONNECTION 2
USER DISCONNECTED
CONNECTION 2
USER DISCONNECTED
CONNECTION 2
USER DISCONNECTED
CONNECTION 2
USER DISCONNECTED
CONNECTION 2
USER DISCONNECTED
CONNECTION 2
USER DISCONNECTED
CONNECTION 2
USER DISCONNECTED
CONNECTION 2
USER DISCONNECTED
CONNECTION 2
USER DISCONNECTED
CONNECTION 2
USER DISCONNECTED
CONNECTION 2
USER DISCONNECTED
CONNECTION 2
USER DISCONNECTED
CONNECTION 2
USER DISCONNECTED
CONNECTION 2
USER DISCONNECTED
CONNECTION 2
USER DISCONNECTED
CONNECTION 2
USER DISCONNECTED
CONNECTION 2
USER DISCONNECTED
CONNECTION 2
USER DISCONNECTED
CONNECTION 2
USER DISCONNECTED
CONNECTION 2
USER DISCONNECTED
CONNECTION 2
USER DISCONNECTED
CONNECTION 2
USER DISCONNECTED
CONNECTION 2
USER DISCONNECTED
CONNECTION 2
USER DISCONNECTED
CONNECTION 2
USER DISCONNECTED
CONNECTION 2
USER DISCONNECTED
CONNECTION 2
USER DISCONNECTED
CONNECTION 2
USER DISCONNECTED
CONNECTION 2
USER DISCONNECTED
CONNECTION 2
USER DISCONNECTED
CONNECTION 2
USER DISCONNECTED
CONNECTION 2
USER DISCONNECTED
CONNECTION 2
USER DISCONNECTED
CONNECTION 2
USER DISCONNECTED
CONNECTION 2
USER DISCONNECTED
CONNECTION 2
USER DISCONNECTED
CONNECTION 2
USER DISCONNECTED
CONNECTION 2
USER DISCONNECTED
CONNECTION 2
USER DISCONNECTED
CONNECTION 2
USER DISCONNECTED
CONNECTION 2
USER DISCONNECTED
CONNECTION 2
USER DISCONNECTED
CONNECTION 2
USER DISCONNECTED
CONNECTION 2
USER DISCONNECTED
CONNECTION 2
USER DISCONNECTED
CONNECTION 2
USER DISCONNECTED
CONNECTION 2
USER DISCONNECTED
CONNECTION 2
USER DISCONNECTED
CONNECTION 2
USER DISCONNECTED
CONNECTION 2
USER DISCONNECTED
CONNECTION 2
USER DISCONNECTED
CONNECTION 2
USER DISCONNECTED
CONNECTION 2
USER DISCONNECTED
CONNECTION 2
USER DISCONNECTED
CONNECTION 2
USER DISCONNECTED
CONNECTION 2
USER DISCONNECTED
CONNECTION 2
USER DISCONNECTED
CONNECTION 2
USER DISCONNECTED
CONNECTION 2
USER DISCONNECTED
CONNECTION 2
USER DISCONNECTED
CONNECTION 2
USER DISCONNECTED
CONNECTION 2
USER DISCONNECTED
Path `username` is required.
USER DISCONNECTED
CONNECTION 1
USER DISCONNECTED
CONNECTION 1
USER DISCONNECTED
CONNECTION 1
USER DISCONNECTED
CONNECTION 1
USER DISCONNECTED
CONNECTION 1
USER DISCONNECTED
CONNECTION 1
USER DISCONNECTED
CONNECTION 1
USER DISCONNECTED
CONNECTION 1
USER DISCONNECTED
CONNECTION 1
USER DISCONNECTED
CONNECTION 1
USER DISCONNECTED
CONNECTION 1
USER DISCONNECTED
CONNECTION 1
USER DISCONNECTED
CONNECTION 1
USER DISCONNECTED
CONNECTION 1
USER DISCONNECTED
CONNECTION 1
USER DISCONNECTED
CONNECTION 1
USER DISCONNECTED
CONNECTION 1
USER DISCONNECTED
CONNECTION 1
USER DISCONNECTED
CONNECTION 1
USER DISCONNECTED
CONNECTION 1
USER DISCONNECTED
CONNECTION 1
USER DISCONNECTED
CONNECTION 1
CONNECTION 2
USER DISCONNECTED
USER DISCONNECTED
CONNECTION 1
USER DISCONNECTED
CONNECTION 1
USER DISCONNECTED
CONNECTION 1
USER DISCONNECTED
CONNECTION 1
USER DISCONNECTED
CONNECTION 1
USER DISCONNECTED
CONNECTION 1
USER DISCONNECTED
CONNECTION 1
USER DISCONNECTED
CONNECTION 1
USER DISCONNECTED
CONNECTION 1
USER DISCONNECTED
CONNECTION 1
USER DISCONNECTED
CONNECTION 1
USER DISCONNECTED
CONNECTION 1
USER DISCONNECTED
CONNECTION 1
USER DISCONNECTED
CONNECTION 1
USER DISCONNECTED
CONNECTION 1
USER DISCONNECTED
CONNECTION 1
USER DISCONNECTED
CONNECTION 1
USER DISCONNECTED
CONNECTION 1
USER DISCONNECTED
CONNECTION 1
USER DISCONNECTED
CONNECTION 1
USER DISCONNECTED
CONNECTION 1
USER DISCONNECTED
CONNECTION 1
USER DISCONNECTED
CONNECTION 1
USER DISCONNECTED
CONNECTION 1
USER DISCONNECTED
CONNECTION 1
USER DISCONNECTED
CONNECTION 1
USER DISCONNECTED
CONNECTION 1
USER DISCONNECTED
CONNECTION 1
USER DISCONNECTED
CONNECTION 1
USER DISCONNECTED
CONNECTION 1
USER DISCONNECTED
CONNECTION 1
USER DISCONNECTED
CONNECTION 1
USER DISCONNECTED
CONNECTION 1
USER DISCONNECTED
CONNECTION 1
USER DISCONNECTED
CONNECTION 1
USER DISCONNECTED
CONNECTION 1
USER DISCONNECTED
CONNECTION 1
Path `username` is required.
USER DISCONNECTED
CONNECTION 1
Path `username` is required.
USER DISCONNECTED
CONNECTION 1
USER DISCONNECTED
CONNECTION 1
CONNECTION 2
USER DISCONNECTED
CONNECTION 2
USER DISCONNECTED
USER DISCONNECTED
CONNECTION 1
CONNECTION 2
USER DISCONNECTED
USER DISCONNECTED
CONNECTION 1
USER DISCONNECTED
CONNECTION 1
USER DISCONNECTED
CONNECTION 1
USER DISCONNECTED
CONNECTION 1
USER DISCONNECTED
CONNECTION 1
USER DISCONNECTED
CONNECTION 1
USER DISCONNECTED
CONNECTION 1
USER DISCONNECTED
CONNECTION 1
USER DISCONNECTED
CONNECTION 1
USER DISCONNECTED
CONNECTION 1
USER DISCONNECTED
CONNECTION 1
USER DISCONNECTED
CONNECTION 1
USER DISCONNECTED
CONNECTION 1
USER DISCONNECTED
CONNECTION 1
USER DISCONNECTED
CONNECTION 1
USER DISCONNECTED
CONNECTION 1
USER DISCONNECTED
CONNECTION 1
USER DISCONNECTED
CONNECTION 1
USER DISCONNECTED
CONNECTION 1
USER DISCONNECTED
CONNECTION 1
USER DISCONNECTED
CONNECTION 1
USER DISCONNECTED
CONNECTION 1
USER DISCONNECTED
CONNECTION 1
USER DISCONNECTED
CONNECTION 1
USER DISCONNECTED
CONNECTION 1
USER DISCONNECTED
CONNECTION 1
USER DISCONNECTED
CONNECTION 1
USER DISCONNECTED
CONNECTION 1
USER DISCONNECTED
CONNECTION 1
USER DISCONNECTED
CONNECTION 1
USER DISCONNECTED
CONNECTION 1
USER DISCONNECTED
CONNECTION 1
USER DISCONNECTED
CONNECTION 1
USER DISCONNECTED
CONNECTION 1
USER DISCONNECTED
CONNECTION 1
USER DISCONNECTED
CONNECTION 1
USER DISCONNECTED
CONNECTION 1
USER DISCONNECTED
CONNECTION 1
USER DISCONNECTED
CONNECTION 1
USER DISCONNECTED
CONNECTION 1
USER DISCONNECTED
CONNECTION 1
USER DISCONNECTED
CONNECTION 1
USER DISCONNECTED
CONNECTION 1
USER DISCONNECTED
CONNECTION 1
USER DISCONNECTED
CONNECTION 1
USER DISCONNECTED
CONNECTION 1
USER DISCONNECTED
CONNECTION 1
USER DISCONNECTED
CONNECTION 1
USER DISCONNECTED
CONNECTION 1
USER DISCONNECTED
CONNECTION 1
USER DISCONNECTED
CONNECTION 1
USER DISCONNECTED
CONNECTION 1
USER DISCONNECTED
CONNECTION 1
USER DISCONNECTED
CONNECTION 1
USER DISCONNECTED
CONNECTION 1
USER DISCONNECTED
CONNECTION 1
USER DISCONNECTED
CONNECTION 1
USER DISCONNECTED
CONNECTION 1
USER DISCONNECTED
CONNECTION 1
USER DISCONNECTED
CONNECTION 1
USER DISCONNECTED
CONNECTION 1
USER DISCONNECTED
CONNECTION 1
USER DISCONNECTED
CONNECTION 1
USER DISCONNECTED
CONNECTION 1
USER DISCONNECTED
CONNECTION 1
USER DISCONNECTED
CONNECTION 1
USER DISCONNECTED
CONNECTION 1
USER DISCONNECTED
CONNECTION 1
USER DISCONNECTED
CONNECTION 1
USER DISCONNECTED
CONNECTION 1
USER DISCONNECTED
CONNECTION 1
USER DISCONNECTED
CONNECTION 1
USER DISCONNECTED
CONNECTION 1
USER DISCONNECTED
CONNECTION 1
USER DISCONNECTED
CONNECTION 1
USER DISCONNECTED
CONNECTION 1
USER DISCONNECTED
CONNECTION 1
USER DISCONNECTED
CONNECTION 1
USER DISCONNECTED
CONNECTION 1
USER DISCONNECTED
CONNECTION 1
USER DISCONNECTED
CONNECTION 1
USER DISCONNECTED
CONNECTION 1
USER DISCONNECTED
CONNECTION 1
USER DISCONNECTED
CONNECTION 1
USER DISCONNECTED
CONNECTION 1
USER DISCONNECTED
CONNECTION 1
2019-06-12T22:52:31.606+0000 I COMMAND  [conn9] command my_database.users command: aggregate { aggregate: "users", pipeline: [ { $match: { $and: [ { username: "alan" } ] } }, { $group: { _id: 1, n: { $sum: 1 } } } ], cursor: {}, lsid: { id: UUID("f7e66e8b-54cf-4859-9114-beba84cd4a32") }, $db: "my_database" } planSummary: COUNT_SCAN { username: 1 } keysExamined:1 docsExamined:0 cursorExhausted:1 numYields:0 nreturned:0 reslen:106 locks:{ Global: { acquireCount: { r: 2 } }, Database: { acquireCount: { r: 2 } }, Collection: { acquireCount: { r: 2 } } } protocol:op_msg 164ms
2019-06-12T22:52:31.610+0000 I NETWORK  [listener] connection accepted from 127.0.0.1:43544 #10 (3 connections now open)
2019-06-12T22:52:31.680+0000 I NETWORK  [conn10] received client metadata from 127.0.0.1:43544 conn10: { driver: { name: "nodejs", version: "3.2.6" }, os: { type: "Linux", name: "linux", architecture: "x64", version: "4.9.0-8-amd64" }, platform: "Node.js v8.16.0, LE, mongodb-core: 3.2.6" }
NEW USER alan SIGNED UP
